<?xml version="1.0" encoding="UTF-8"?>
<!-- Generated by org.testng.reporters.JUnitReportReporter -->
<testsuite hostname="DayforceAHjZaFq" failures="0" tests="6" name="WeatherAPIPackage.WeatherAPITest" time="3.796" errors="0" timestamp="2025-04-01T16:33:50 IST" skipped="0">
  <testcase classname="WeatherAPIPackage.WeatherAPITest" name="testStatusCode" time="2.016"/>
  <system-out/>
  <testcase classname="WeatherAPIPackage.WeatherAPITest" name="testCityName" time="0.858"/>
  <system-out/>
  <testcase classname="WeatherAPIPackage.WeatherAPITest" name="testTemperatureExists" time="0.261"/>
  <system-out/>
  <testcase classname="WeatherAPIPackage.WeatherAPITest" name="testWeatherDescriptionExists" time="0.249"/>
  <system-out/>
  <testcase classname="WeatherAPIPackage.WeatherAPITest" name="testHumidityExists" time="0.198"/>
  <system-out/>
  <testcase classname="WeatherAPIPackage.WeatherAPITest" name="testWindSpeedExists" time="0.214"/>
  <system-out/>
</testsuite> <!-- WeatherAPIPackage.WeatherAPITest -->
