<?xml version="1.0" encoding="UTF-8"?>
<!-- Generated by org.testng.reporters.JUnitReportReporter -->
<testsuite hostname="DayforceAHjZaFq" failures="0" tests="4" name="myTests.LoginTests" time="17.886" errors="0" timestamp="2025-04-02T15:13:14 IST" skipped="0">
  <testcase classname="myTests.LoginTests" name="testInvalidCredentials" time="4.611"/>
  <system-out/>
  <testcase classname="myTests.LoginTests" name="testBlankCredentials" time="1.465"/>
  <system-out/>
  <testcase classname="myTests.LoginTests" name="testValidCredentials" time="3.930"/>
  <system-out/>
  <testcase classname="myTests.LoginTests" name="testRegisterPatientNavigation" time="7.880"/>
  <system-out/>
</testsuite> <!-- myTests.LoginTests -->
