<?xml version="1.0" encoding="UTF-8"?>
<!-- Generated by org.testng.reporters.JUnitReportReporter -->
<testsuite hostname="DayforceAHjZaFq" failures="0" tests="1" name="myTests.AppTest" time="0.158" errors="0" timestamp="2025-04-02T12:48:55 IST" skipped="0">
  <testcase classname="myTests.AppTest" name="loginTest" time="0.158"/>
  <system-out/>
</testsuite> <!-- myTests.AppTest -->
