<?xml version="1.0" encoding="UTF-8"?>
<!-- Generated by org.testng.reporters.JUnitReportReporter -->
<testsuite hostname="DayforceAHjZaFq" failures="0" tests="1" name="myTests.RegisterPatientTests" time="15.957" errors="0" timestamp="2025-04-02T15:13:14 IST" skipped="0">
  <testcase classname="myTests.RegisterPatientTests" name="testRegisterPatient" time="15.957"/>
  <system-out/>
</testsuite> <!-- myTests.RegisterPatientTests -->
